<?xml version="1.0" encoding="UTF-8"?>
<testng-results skipped="0" failed="0" ignored="0" total="1" passed="1">
  <reporter-output>
  </reporter-output>
  <suite name="Default suite" duration-ms="2767" started-at="2017-09-20T01:22:52Z" finished-at="2017-09-20T01:22:55Z">
    <groups>
    </groups>
    <test name="Default test" duration-ms="2767" started-at="2017-09-20T01:22:52Z" finished-at="2017-09-20T01:22:55Z">
      <class name="selenium.practice.HowToUseSelect">
        <test-method status="PASS" signature="frameTest()[pri:0, instance:selenium.practice.HowToUseSelect@6d4b1c02]" name="frameTest" duration-ms="2749" started-at="2017-09-19T20:22:52Z" finished-at="2017-09-19T20:22:55Z">
          <reporter-output>
          </reporter-output>
        </test-method> <!-- frameTest -->
      </class> <!-- selenium.practice.HowToUseSelect -->
    </test> <!-- Default test -->
  </suite> <!-- Default suite -->
</testng-results>
